Epoch 00090: saving model to ./models/one_network_scratch-90-0.59.h5
Epoch 91/100
476/476 [==============================] - 618s 1s/step - loss: 0.0042 - acc: 0.6556 - val_loss: 0.0050 - val_acc: 0.5909

Epoch 00091: saving model to ./models/one_network_scratch-91-0.59.h5
Epoch 92/100
476/476 [==============================] - 618s 1s/step - loss: 0.0042 - acc: 0.6650 - val_loss: 0.0050 - val_acc: 0.5903

Epoch 00092: saving model to ./models/one_network_scratch-92-0.59.h5
Epoch 93/100
476/476 [==============================] - 618s 1s/step - loss: 0.0041 - acc: 0.6643 - val_loss: 0.0048 - val_acc: 0.6087

Epoch 00093: saving model to ./models/one_network_scratch-93-0.61.h5
Epoch 94/100
476/476 [==============================] - 618s 1s/step - loss: 0.0041 - acc: 0.6687 - val_loss: 0.0047 - val_acc: 0.6245

Epoch 00094: saving model to ./models/one_network_scratch-94-0.62.h5
Epoch 95/100
476/476 [==============================] - 618s 1s/step - loss: 0.0040 - acc: 0.6765 - val_loss: 0.0048 - val_acc: 0.6203

Epoch 00095: saving model to ./models/one_network_scratch-95-0.62.h5
Epoch 96/100
476/476 [==============================] - 618s 1s/step - loss: 0.0040 - acc: 0.6795 - val_loss: 0.0047 - val_acc: 0.6234

Epoch 00096: saving model to ./models/one_network_scratch-96-0.62.h5
Epoch 97/100
476/476 [==============================] - 618s 1s/step - loss: 0.0039 - acc: 0.6889 - val_loss: 0.0047 - val_acc: 0.6187

Epoch 00097: saving model to ./models/one_network_scratch-97-0.62.h5
Epoch 98/100
476/476 [==============================] - 618s 1s/step - loss: 0.0038 - acc: 0.6912 - val_loss: 0.0046 - val_acc: 0.6187

Epoch 00098: saving model to ./models/one_network_scratch-98-0.62.h5
Epoch 99/100
476/476 [==============================] - 618s 1s/step - loss: 0.0038 - acc: 0.6964 - val_loss: 0.0047 - val_acc: 0.6234

Epoch 00099: saving model to ./models/one_network_scratch-99-0.62.h5
Epoch 100/100
476/476 [==============================] - 618s 1s/step - loss: 0.0037 - acc: 0.6994 - val_loss: 0.0045 - val_acc: 0.6282



=============================================================================================================================
Epoch 00490: saving model to ./models/one_network_scratch-490-0.92.h5
Epoch 491/500
476/476 [==============================] - 630s 1s/step - loss: 1.8650e-04 - acc: 0.9890 - val_loss: 0.0011 - val_acc: 0.9212

Epoch 00491: saving model to ./models/one_network_scratch-491-0.92.h5
Epoch 492/500
476/476 [==============================] - 631s 1s/step - loss: 2.1767e-04 - acc: 0.9870 - val_loss: 0.0012 - val_acc: 0.9144

Epoch 00492: saving model to ./models/one_network_scratch-492-0.91.h5
Epoch 493/500
476/476 [==============================] - 630s 1s/step - loss: 2.2172e-04 - acc: 0.9856 - val_loss: 0.0011 - val_acc: 0.9212

Epoch 00493: saving model to ./models/one_network_scratch-493-0.92.h5
Epoch 494/500
476/476 [==============================] - 630s 1s/step - loss: 2.1252e-04 - acc: 0.9865 - val_loss: 0.0012 - val_acc: 0.9123

Epoch 00494: saving model to ./models/one_network_scratch-494-0.91.h5
Epoch 495/500
476/476 [==============================] - 630s 1s/step - loss: 1.9990e-04 - acc: 0.9875 - val_loss: 0.0012 - val_acc: 0.9144

Epoch 00495: saving model to ./models/one_network_scratch-495-0.91.h5
Epoch 496/500
476/476 [==============================] - 630s 1s/step - loss: 2.1198e-04 - acc: 0.9870 - val_loss: 0.0012 - val_acc: 0.9133

Epoch 00496: saving model to ./models/one_network_scratch-496-0.91.h5
Epoch 497/500
476/476 [==============================] - 630s 1s/step - loss: 2.0782e-04 - acc: 0.9866 - val_loss: 0.0011 - val_acc: 0.9181

Epoch 00497: saving model to ./models/one_network_scratch-497-0.92.h5
Epoch 498/500
476/476 [==============================] - 630s 1s/step - loss: 2.0115e-04 - acc: 0.9870 - val_loss: 0.0011 - val_acc: 0.9223

Epoch 00498: saving model to ./models/one_network_scratch-498-0.92.h5
Epoch 499/500
476/476 [==============================] - 630s 1s/step - loss: 1.9925e-04 - acc: 0.9881 - val_loss: 0.0012 - val_acc: 0.9112

Epoch 00499: saving model to ./models/one_network_scratch-499-0.91.h5
Epoch 500/500
476/476 [==============================] - 630s 1s/step - loss: 2.1017e-04 - acc: 0.9875 - val_loss: 0.0012 - val_acc: 0.9081

Epoch 00500: saving model to ./models/one_network_scratch-500-0.91.h5

================================================================================================================

Epoch 00340: saving model to ./models/one_network_scratch-l3-340-0.88.h5
Epoch 341/350
481/481 [==============================] - 633s 1s/step - loss: 3.9503e-04 - acc: 0.9767 - val_loss: 0.0017 - val_acc: 0.8714

Epoch 00341: saving model to ./models/one_network_scratch-l3-341-0.87.h5
Epoch 342/350
481/481 [==============================] - 633s 1s/step - loss: 4.0012e-04 - acc: 0.9744 - val_loss: 0.0015 - val_acc: 0.8875

Epoch 00342: saving model to ./models/one_network_scratch-l3-342-0.89.h5
Epoch 343/350
481/481 [==============================] - 633s 1s/step - loss: 3.9025e-04 - acc: 0.9754 - val_loss: 0.0016 - val_acc: 0.8880

Epoch 00343: saving model to ./models/one_network_scratch-l3-343-0.89.h5
Epoch 344/350
481/481 [==============================] - 633s 1s/step - loss: 3.7495e-04 - acc: 0.9771 - val_loss: 0.0016 - val_acc: 0.8839

Epoch 00344: saving model to ./models/one_network_scratch-l3-344-0.88.h5
Epoch 345/350
481/481 [==============================] - 633s 1s/step - loss: 3.8091e-04 - acc: 0.9756 - val_loss: 0.0016 - val_acc: 0.8781

Epoch 00345: saving model to ./models/one_network_scratch-l3-345-0.88.h5
Epoch 346/350
481/481 [==============================] - 633s 1s/step - loss: 3.8166e-04 - acc: 0.9761 - val_loss: 0.0016 - val_acc: 0.8891

Epoch 00346: saving model to ./models/one_network_scratch-l3-346-0.89.h5
Epoch 347/350
481/481 [==============================] - 633s 1s/step - loss: 3.6737e-04 - acc: 0.9780 - val_loss: 0.0016 - val_acc: 0.8833

Epoch 00347: saving model to ./models/one_network_scratch-l3-347-0.88.h5
Epoch 348/350
481/481 [==============================] - 633s 1s/step - loss: 3.5835e-04 - acc: 0.9783 - val_loss: 0.0016 - val_acc: 0.8797

Epoch 00348: saving model to ./models/one_network_scratch-l3-348-0.88.h5
Epoch 349/350
481/481 [==============================] - 633s 1s/step - loss: 3.8049e-04 - acc: 0.9758 - val_loss: 0.0016 - val_acc: 0.8828

Epoch 00349: saving model to ./models/one_network_scratch-l3-349-0.88.h5
Epoch 350/350
481/481 [==============================] - 633s 1s/step - loss: 3.7465e-04 - acc: 0.9762 - val_loss: 0.0017 - val_acc: 0.8776

Epoch 00350: saving model to ./models/one_network_scratch-l3-350-0.88.h5


===============================================================================================================================
178/178 [==============================] - 232s 1s/step - loss: 0.0029 - acc: 0.8943 - val_loss: 0.0113 - val_acc: 0.5611

Epoch 00199: saving model to ./models/one_network_scratch-51-0.56.h5





==========================================51 with ucf101 pretrain---------------------
Epoch 00490: saving model to ./models/one_network_scratch-51-0.68.h5
Epoch 491/500
255/255 [==============================] - 330s 1s/step - loss: 2.8065e-04 - acc: 0.9909 - val_loss: 0.0093 - val_acc: 0.6637

Epoch 00491: saving model to ./models/one_network_scratch-51-0.66.h5
Epoch 492/500
255/255 [==============================] - 330s 1s/step - loss: 2.7689e-04 - acc: 0.9912 - val_loss: 0.0091 - val_acc: 0.6667

Epoch 00492: saving model to ./models/one_network_scratch-51-0.67.h5
Epoch 493/500
255/255 [==============================] - 330s 1s/step - loss: 3.0370e-04 - acc: 0.9890 - val_loss: 0.0092 - val_acc: 0.6577

Epoch 00493: saving model to ./models/one_network_scratch-51-0.66.h5
Epoch 494/500
255/255 [==============================] - 330s 1s/step - loss: 3.1364e-04 - acc: 0.9897 - val_loss: 0.0090 - val_acc: 0.6746

Epoch 00494: saving model to ./models/one_network_scratch-51-0.67.h5
Epoch 495/500
255/255 [==============================] - 330s 1s/step - loss: 3.4751e-04 - acc: 0.9887 - val_loss: 0.0093 - val_acc: 0.6587

Epoch 00495: saving model to ./models/one_network_scratch-51-0.66.h5
Epoch 496/500
255/255 [==============================] - 330s 1s/step - loss: 2.8497e-04 - acc: 0.9900 - val_loss: 0.0095 - val_acc: 0.6548

Epoch 00496: saving model to ./models/one_network_scratch-51-0.65.h5
Epoch 497/500
255/255 [==============================] - 330s 1s/step - loss: 2.9367e-04 - acc: 0.9902 - val_loss: 0.0092 - val_acc: 0.6558

Epoch 00497: saving model to ./models/one_network_scratch-51-0.66.h5
Epoch 498/500
255/255 [==============================] - 330s 1s/step - loss: 2.6776e-04 - acc: 0.9912 - val_loss: 0.0090 - val_acc: 0.6716

Epoch 00498: saving model to ./models/one_network_scratch-51-0.67.h5
Epoch 499/500
255/255 [==============================] - 330s 1s/step - loss: 3.3572e-04 - acc: 0.9900 - val_loss: 0.0094 - val_acc: 0.6617

Epoch 00499: saving model to ./models/one_network_scratch-51-0.66.h5
Epoch 500/500
255/255 [==============================] - 330s 1s/step - loss: 2.9357e-04 - acc: 0.9907 - val_loss: 0.0094 - val_acc: 0.6567

Epoch 00500: saving model to ./models/one_network_scratch-51-0.66.h5

===========================================================================================================================


Epoch 00490: saving model to ./models/one_network_scratch-51-0.67.h5
Epoch 491/500
255/255 [==============================] - 331s 1s/step - loss: 4.4082e-04 - acc: 0.9848 - val_loss: 0.0090 - val_acc: 0.6657

Epoch 00491: saving model to ./models/one_network_scratch-51-0.67.h5
Epoch 492/500
255/255 [==============================] - 331s 1s/step - loss: 4.1423e-04 - acc: 0.9863 - val_loss: 0.0092 - val_acc: 0.6627

Epoch 00492: saving model to ./models/one_network_scratch-51-0.66.h5
Epoch 493/500
255/255 [==============================] - 331s 1s/step - loss: 3.9778e-04 - acc: 0.9880 - val_loss: 0.0095 - val_acc: 0.6528

Epoch 00493: saving model to ./models/one_network_scratch-51-0.65.h5
Epoch 494/500
255/255 [==============================] - 331s 1s/step - loss: 3.4486e-04 - acc: 0.9880 - val_loss: 0.0088 - val_acc: 0.6766

Epoch 00494: saving model to ./models/one_network_scratch-51-0.68.h5
Epoch 495/500
255/255 [==============================] - 331s 1s/step - loss: 3.5401e-04 - acc: 0.9885 - val_loss: 0.0091 - val_acc: 0.6696

Epoch 00495: saving model to ./models/one_network_scratch-51-0.67.h5
Epoch 496/500
255/255 [==============================] - 331s 1s/step - loss: 4.0184e-04 - acc: 0.9853 - val_loss: 0.0090 - val_acc: 0.6677

Epoch 00496: saving model to ./models/one_network_scratch-51-0.67.h5
Epoch 497/500
255/255 [==============================] - 331s 1s/step - loss: 3.7568e-04 - acc: 0.9870 - val_loss: 0.0091 - val_acc: 0.6706

Epoch 00497: saving model to ./models/one_network_scratch-51-0.67.h5
Epoch 498/500
255/255 [==============================] - 331s 1s/step - loss: 3.4700e-04 - acc: 0.9897 - val_loss: 0.0092 - val_acc: 0.6657

Epoch 00498: saving model to ./models/one_network_scratch-51-0.67.h5
Epoch 499/500
255/255 [==============================] - 331s 1s/step - loss: 3.9392e-04 - acc: 0.9870 - val_loss: 0.0093 - val_acc: 0.6617

Epoch 00499: saving model to ./models/one_network_scratch-51-0.66.h5
Epoch 500/500
255/255 [==============================] - 331s 1s/step - loss: 4.0981e-04 - acc: 0.9860 - val_loss: 0.0089 - val_acc: 0.6746

Epoch 00500: saving model to ./models/one_network_scratch-51-0.67.h5
=============================================================================================================================


Epoch 00490: saving model to ./models/one_network_scratch-51-l2-0.64.h5
Epoch 491/500
255/255 [==============================] - 331s 1s/step - loss: 3.6568e-04 - acc: 0.9877 - val_loss: 0.0091 - val_acc: 0.6716

Epoch 00491: saving model to ./models/one_network_scratch-51-l2-0.67.h5
Epoch 492/500
255/255 [==============================] - 331s 1s/step - loss: 3.3854e-04 - acc: 0.9892 - val_loss: 0.0096 - val_acc: 0.6478

Epoch 00492: saving model to ./models/one_network_scratch-51-l2-0.65.h5
Epoch 493/500
255/255 [==============================] - 331s 1s/step - loss: 3.6241e-04 - acc: 0.9880 - val_loss: 0.0093 - val_acc: 0.6577

Epoch 00493: saving model to ./models/one_network_scratch-51-l2-0.66.h5
Epoch 494/500
255/255 [==============================] - 331s 1s/step - loss: 3.4711e-04 - acc: 0.9895 - val_loss: 0.0092 - val_acc: 0.6627

Epoch 00494: saving model to ./models/one_network_scratch-51-l2-0.66.h5
Epoch 495/500
255/255 [==============================] - 331s 1s/step - loss: 3.6462e-04 - acc: 0.9875 - val_loss: 0.0092 - val_acc: 0.6627

Epoch 00495: saving model to ./models/one_network_scratch-51-l2-0.66.h5
Epoch 496/500
255/255 [==============================] - 331s 1s/step - loss: 3.0535e-04 - acc: 0.9895 - val_loss: 0.0094 - val_acc: 0.6567

Epoch 00496: saving model to ./models/one_network_scratch-51-l2-0.66.h5
Epoch 497/500
255/255 [==============================] - 331s 1s/step - loss: 3.4986e-04 - acc: 0.9885 - val_loss: 0.0096 - val_acc: 0.6538

Epoch 00497: saving model to ./models/one_network_scratch-51-l2-0.65.h5
Epoch 498/500
255/255 [==============================] - 331s 1s/step - loss: 3.7264e-04 - acc: 0.9875 - val_loss: 0.0097 - val_acc: 0.6409

Epoch 00498: saving model to ./models/one_network_scratch-51-l2-0.64.h5
Epoch 499/500
255/255 [==============================] - 331s 1s/step - loss: 3.3351e-04 - acc: 0.9895 - val_loss: 0.0093 - val_acc: 0.6587

Epoch 00499: saving model to ./models/one_network_scratch-51-l2-0.66.h5
Epoch 500/500
255/255 [==============================] - 331s 1s/step - loss: 3.3963e-04 - acc: 0.9882 - val_loss: 0.0094 - val_acc: 0.6468

Epoch 00500: saving model to ./models/one_network_scratch-51-l2-0.65.h5
===========================================================================================================================

Epoch 00490: saving model to ./models/one_network_scratch-51-l3-0.66.h5
Epoch 491/500
255/255 [==============================] - 331s 1s/step - loss: 3.8562e-04 - acc: 0.9875 - val_loss: 0.0092 - val_acc: 0.6687

Epoch 00491: saving model to ./models/one_network_scratch-51-l3-0.67.h5
Epoch 492/500
255/255 [==============================] - 331s 1s/step - loss: 3.7960e-04 - acc: 0.9873 - val_loss: 0.0094 - val_acc: 0.6528

Epoch 00492: saving model to ./models/one_network_scratch-51-l3-0.65.h5
Epoch 493/500
255/255 [==============================] - 331s 1s/step - loss: 3.6315e-04 - acc: 0.9877 - val_loss: 0.0093 - val_acc: 0.6637

Epoch 00493: saving model to ./models/one_network_scratch-51-l3-0.66.h5
Epoch 494/500
255/255 [==============================] - 331s 1s/step - loss: 3.6860e-04 - acc: 0.9873 - val_loss: 0.0092 - val_acc: 0.6696

Epoch 00494: saving model to ./models/one_network_scratch-51-l3-0.67.h5
Epoch 495/500
255/255 [==============================] - 331s 1s/step - loss: 3.8506e-04 - acc: 0.9858 - val_loss: 0.0094 - val_acc: 0.6558

Epoch 00495: saving model to ./models/one_network_scratch-51-l3-0.66.h5
Epoch 496/500
255/255 [==============================] - 331s 1s/step - loss: 3.7499e-04 - acc: 0.9870 - val_loss: 0.0090 - val_acc: 0.6687

Epoch 00496: saving model to ./models/one_network_scratch-51-l3-0.67.h5
Epoch 497/500
255/255 [==============================] - 331s 1s/step - loss: 3.9400e-04 - acc: 0.9853 - val_loss: 0.0096 - val_acc: 0.6448

Epoch 00497: saving model to ./models/one_network_scratch-51-l3-0.64.h5
Epoch 498/500
255/255 [==============================] - 331s 1s/step - loss: 3.5232e-04 - acc: 0.9875 - val_loss: 0.0094 - val_acc: 0.6567

Epoch 00498: saving model to ./models/one_network_scratch-51-l3-0.66.h5
Epoch 499/500
255/255 [==============================] - 330s 1s/step - loss: 3.7505e-04 - acc: 0.9868 - val_loss: 0.0090 - val_acc: 0.6796

Epoch 00499: saving model to ./models/one_network_scratch-51-l3-0.68.h5
Epoch 500/500
255/255 [==============================] - 331s 1s/step - loss: 3.5580e-04 - acc: 0.9877 - val_loss: 0.0093 - val_acc: 0.6627

Epoch 00500: saving model to ./models/one_network_scratch-51-l3-0.66.h5

====================================================================================================================================

Epoch 00275: saving model to ./models/one_network_scratch-51-tcombined-0.67.h5
Epoch 276/500
253/253 [==============================] - 368s 1s/step - loss: 9.7119e-04 - acc: 0.9681 - val_loss: 0.0091 - val_acc: 0.6617

Epoch 00276: saving model to ./models/one_network_scratch-51-tcombined-0.66.h5
Epoch 277/500
253/253 [==============================] - 360s 1s/step - loss: 9.7962e-04 - acc: 0.9679 - val_loss: 0.0093 - val_acc: 0.6518

Epoch 00277: saving model to ./models/one_network_scratch-51-tcombined-0.65.h5
Epoch 278/500
253/253 [==============================] - 360s 1s/step - loss: 9.5548e-04 - acc: 0.9639 - val_loss: 0.0096 - val_acc: 0.6339

Epoch 00278: saving model to ./models/one_network_scratch-51-tcombined-0.63.h5
Epoch 279/500
253/253 [==============================] - 361s 1s/step - loss: 0.0010 - acc: 0.9637 - val_loss: 0.0088 - val_acc: 0.6677

Epoch 00279: saving model to ./models/one_network_scratch-51-tcombined-0.67.h5
Epoch 280/500
253/253 [==============================] - 360s 1s/step - loss: 9.9112e-04 - acc: 0.9649 - val_loss: 0.0091 - val_acc: 0.6657

Epoch 00280: saving model to ./models/one_network_scratch-51-tcombined-0.67.h5
Epoch 281/500
253/253 [==============================] - 359s 1s/step - loss: 9.9635e-04 - acc: 0.9654 - val_loss: 0.0092 - val_acc: 0.6617

Epoch 00281: saving model to ./models/one_network_scratch-51-tcombined-0.66.h5
Epoch 282/500
253/253 [==============================] - 360s 1s/step - loss: 9.8364e-04 - acc: 0.9642 - val_loss: 0.0092 - val_acc: 0.6617

Epoch 00282: saving model to ./models/one_network_scratch-51-tcombined-0.66.h5
Epoch 283/500
253/253 [==============================] - 363s 1s/step - loss: 9.4313e-04 - acc: 0.9679 - val_loss: 0.0091 - val_acc: 0.6667

Epoch 00283: saving model to ./models/one_network_scratch-51-tcombined-0.67.h5
Epoch 284/500
253/253 [==============================] - 359s 1s/step - loss: 9.8462e-04 - acc: 0.9664 - val_loss: 0.0094 - val_acc: 0.6518

Epoch 00284: saving model to ./models/one_network_scratch-51-tcombined-0.65.h5
Epoch 285/500
253/253 [==============================] - 360s 1s/step - loss: 8.8745e-04 - acc: 0.9691 - val_loss: 0.0089 - val_acc: 0.6637
=========================================================================================================================================

Epoch 00490: saving model to ./models/one_network_scratch-101-l3-pretr-0.95.h5
Epoch 491/500
481/481 [==============================] - 631s 1s/step - loss: 1.4077e-05 - acc: 0.9994 - val_loss: 6.4363e-04 - val_acc: 0.9557

Epoch 00491: saving model to ./models/one_network_scratch-101-l3-pretr-0.96.h5
Epoch 492/500
481/481 [==============================] - 631s 1s/step - loss: 1.2359e-05 - acc: 0.9999 - val_loss: 6.6574e-04 - val_acc: 0.9557

Epoch 00492: saving model to ./models/one_network_scratch-101-l3-pretr-0.96.h5
Epoch 493/500
481/481 [==============================] - 631s 1s/step - loss: 2.2738e-05 - acc: 0.9987 - val_loss: 6.9297e-04 - val_acc: 0.9510

Epoch 00493: saving model to ./models/one_network_scratch-101-l3-pretr-0.95.h5
Epoch 494/500
481/481 [==============================] - 631s 1s/step - loss: 1.1078e-05 - acc: 0.9996 - val_loss: 6.9290e-04 - val_acc: 0.9495

Epoch 00494: saving model to ./models/one_network_scratch-101-l3-pretr-0.95.h5
Epoch 495/500
481/481 [==============================] - 631s 1s/step - loss: 1.4033e-05 - acc: 0.9994 - val_loss: 6.2591e-04 - val_acc: 0.9589

Epoch 00495: saving model to ./models/one_network_scratch-101-l3-pretr-0.96.h5
Epoch 496/500
481/481 [==============================] - 632s 1s/step - loss: 1.7338e-05 - acc: 0.9992 - val_loss: 6.7354e-04 - val_acc: 0.9557

Epoch 00496: saving model to ./models/one_network_scratch-101-l3-pretr-0.96.h5
Epoch 497/500
481/481 [==============================] - 631s 1s/step - loss: 1.6867e-05 - acc: 0.9997 - val_loss: 6.5293e-04 - val_acc: 0.9557

Epoch 00497: saving model to ./models/one_network_scratch-101-l3-pretr-0.96.h5
Epoch 498/500
481/481 [==============================] - 631s 1s/step - loss: 1.3410e-05 - acc: 0.9996 - val_loss: 7.4814e-04 - val_acc: 0.9464

Epoch 00498: saving model to ./models/one_network_scratch-101-l3-pretr-0.95.h5
Epoch 499/500
481/481 [==============================] - 632s 1s/step - loss: 1.2600e-05 - acc: 0.9995 - val_loss: 6.8006e-04 - val_acc: 0.9526

Epoch 00499: saving model to ./models/one_network_scratch-101-l3-pretr-0.95.h5
Epoch 500/500
481/481 [==============================] - 631s 1s/step - loss: 2.5541e-05 - acc: 0.9986 - val_loss: 6.3832e-04 - val_acc: 0.9547

Epoch 00500: saving model to ./models/one_network_scratch-101-l3-pretr-0.95.h5

===============================================================51 20fs l1====================================
510/510 [==============================] - 641s 1s/step - loss: 0.0016 - acc: 0.9434 - val_loss: 0.0096 - val_acc: 0.6535

Epoch 00112: saving model to ./models/one_network_scratch-51-l1-20frs0.65.h5
Epoch 113/500
510/510 [==============================] - 641s 1s/step - loss: 0.0017 - acc: 0.9441 - val_loss: 0.0093 - val_acc: 0.6585

Epoch 00113: saving model to ./models/one_network_scratch-51-l1-20frs0.66.h5
Epoch 114/500
510/510 [==============================] - 635s 1s/step - loss: 0.0016 - acc: 0.9441 - val_loss: 0.0093 - val_acc: 0.6634

Epoch 00114: saving model to ./models/one_network_scratch-51-l1-20frs0.66.h5
Epoch 115/500
510/510 [==============================] - 548s 1s/step - loss: 0.0016 - acc: 0.9434 - val_loss: 0.0093 - val_acc: 0.6575

Epoch 00115: saving model to ./models/one_network_scratch-51-l1-20frs0.66.h5
Epoch 116/500
510/510 [==============================] - 640s 1s/step - loss: 0.0015 - acc: 0.9466 - val_loss: 0.0095 - val_acc: 0.6565

Epoch 00116: saving model to ./models/one_network_scratch-51-l1-20frs0.66.h5
Epoch 117/500
510/510 [==============================] - 640s 1s/step - loss: 0.0016 - acc: 0.9444 - val_loss: 0.0097 - val_acc: 0.6516

Epoch 00117: saving model to ./models/one_network_scratch-51-l1-20frs0.65.h5
Epoch 118/500
510/510 [==============================] - 640s 1s/step - loss: 0.0015 - acc: 0.9446 - val_loss: 0.0093 - val_acc: 0.6614

Epoch 00118: saving model to ./models/one_network_scratch-51-l1-20frs0.66.h5
Epoch 119/500
510/510 [==============================] - 642s 1s/step - loss: 0.0015 - acc: 0.9449 - val_loss: 0.0100 - val_acc: 0.6417

Epoch 00119: saving model to ./models/one_network_scratch-51-l1-20frs0.64.h5
Epoch 120/500
510/510 [==============================] - 651s 1s/step - loss: 0.0014 - acc: 0.9502 - val_loss: 0.0094 - val_acc: 0.6634

Epoch 00120: saving model to ./models/one_network_scratch-51-l1-20frs0.66.h5
Epoch 121/500
510/510 [==============================] - 585s 1s/step - loss: 0.0014 - acc: 0.9495 - val_loss: 0.0097 - val_acc: 0.6526

Epoch 00121: saving model to ./models/one_network_scratch-51-l1-20frs0.65.h5
Epoch 122/500
510/510 [==============================] - 641s 1s/step - loss: 0.0015 - acc: 0.9463 - val_loss: 0.0096 - val_acc: 0.6486

Epoch 00122: saving model to ./models/one_network_scratch-51-l1-20frs0.65.h5
Epoch 123/500
510/510 [==============================] - 640s 1s/step - loss: 0.0015 - acc: 0.9490 - val_loss: 0.0093 - val_acc: 0.6594

Epoch 00123: saving model to ./models/one_network_scratch-51-l1-20frs0.66.h5
Epoch 124/500
510/510 [==============================] - 643s 1s/step - loss: 0.0014 - acc: 0.9510 - val_loss: 0.0096 - val_acc: 0.6457

Epoch 00124: saving model to ./models/one_network_scratch-51-l1-20frs0.65.h5
Epoch 125/500
510/510 [==============================] - 643s 1s/step - loss: 0.0014 - acc: 0.9537 - val_loss: 0.0096 - val_acc: 0.6535

Epoch 00125: saving model to ./models/one_network_scratch-51-l1-20frs0.65.h5
Epoch 126/500
510/510 [==============================] - 647s 1s/step - loss: 0.0014 - acc: 0.9525 - val_loss: 0.0095 - val_acc: 0.6575

Epoch 00126: saving model to ./models/one_network_scratch-51-l1-20frs0.66.h5
Epoch 127/500
510/510 [==============================] - 655s 1s/step - loss: 0.0014 - acc: 0.9515 - val_loss: 0.0095 - val_acc: 0.6614

Epoch 00127: saving model to ./models/one_network_scratch-51-l1-20frs0.66.h5
Epoch 128/500
510/510 [==============================] - 633s 1s/step - loss: 0.0014 - acc: 0.9517 - val_loss: 0.0096 - val_acc: 0.6526

Epoch 00128: saving model to ./models/one_network_scratch-51-l1-20frs0.65.h5
Epoch 129/500
510/510 [==============================] - 640s 1s/step - loss: 0.0014 - acc: 0.9500 - val_loss: 0.0096 - val_acc: 0.6496

Epoch 00129: saving model to ./models/one_network_scratch-51-l1-20frs0.65.h5

==============================================================16frs, switch concatenate-========================
Epoch 00155: saving model to ./models/one_network_scratch-101-16frs0.92.h5
Epoch 156/500
476/476 [==============================] - 910s 2s/step - loss: 4.2195e-04 - acc: 0.9701 - val_loss: 0.0011 - val_acc: 0.9217

Epoch 00156: saving model to ./models/one_network_scratch-101-16frs0.92.h5
Epoch 157/500
476/476 [==============================] - 909s 2s/step - loss: 4.1507e-04 - acc: 0.9710 - val_loss: 9.9676e-04 - val_acc: 0.9312

Epoch 00157: saving model to ./models/one_network_scratch-101-16frs0.93.h5
Epoch 158/500
476/476 [==============================] - 908s 2s/step - loss: 4.1708e-04 - acc: 0.9702 - val_loss: 0.0011 - val_acc: 0.9265

Epoch 00158: saving model to ./models/one_network_scratch-101-16frs0.93.h5
Epoch 159/500
476/476 [==============================] - 909s 2s/step - loss: 4.3669e-04 - acc: 0.9689 - val_loss: 0.0011 - val_acc: 0.9275

Epoch 00159: saving model to ./models/one_network_scratch-101-16frs0.93.h5
Epoch 160/500
476/476 [==============================] - 910s 2s/step - loss: 4.2135e-04 - acc: 0.9694 - val_loss: 0.0011 - val_acc: 0.9254

Epoch 00160: saving model to ./models/one_network_scratch-101-16frs0.93.h5
Epoch 161/500
476/476 [==============================] - 909s 2s/step - loss: 4.2209e-04 - acc: 0.9705 - val_loss: 0.0011 - val_acc: 0.9244

Epoch 00161: saving model to ./models/one_network_scratch-101-16frs0.92.h5
Epoch 162/500
476/476 [==============================] - 908s 2s/step - loss: 3.9136e-04 - acc: 0.9718 - val_loss: 0.0011 - val_acc: 0.9233

Epoch 00162: saving model to ./models/one_network_scratch-101-16frs0.92.h5
Epoch 163/500
476/476 [==============================] - 909s 2s/step - loss: 4.0585e-04 - acc: 0.9706 - val_loss: 0.0011 - val_acc: 0.9259

Epoch 00163: saving model to ./models/one_network_scratch-101-16frs0.93.h5
Epoch 164/500
476/476 [==============================] - 909s 2s/step - loss: 3.9562e-04 - acc: 0.9723 - val_loss: 0.0010 - val_acc: 0.9275

Epoch 00164: saving model to ./models/one_network_scratch-101-16frs0.93.h5
Epoch 165/500
476/476 [==============================] - 910s 2s/step - loss: 3.9741e-04 - acc: 0.9718 - val_loss: 0.0011 - val_acc: 0.9275

Epoch 00165: saving model to ./models/one_network_scratch-101-16frs0.93.h5

=============================================================24frs scratch========================================
953/953 [==============================] - 952s 999ms/step - loss: 3.8458e-04 - acc: 0.9726 - val_loss: 0.0023 - val_acc: 0.8403

Epoch 00105: saving model to ./models/one_network_scratch-101-l1-24frs0.84.h5
Epoch 106/500
953/953 [==============================] - 953s 1000ms/step - loss: 3.9319e-04 - acc: 0.9713 - val_loss: 0.0022 - val_acc: 0.8435

Epoch 00106: saving model to ./models/one_network_scratch-101-l1-24frs0.84.h5
Epoch 107/500
953/953 [==============================] - 952s 999ms/step - loss: 3.9289e-04 - acc: 0.9706 - val_loss: 0.0022 - val_acc: 0.8498

Epoch 00107: saving model to ./models/one_network_scratch-101-l1-24frs0.85.h5
Epoch 108/500
953/953 [==============================] - 952s 999ms/step - loss: 3.6800e-04 - acc: 0.9738 - val_loss: 0.0023 - val_acc: 0.8461

Epoch 00108: saving model to ./models/one_network_scratch-101-l1-24frs0.85.h5
Epoch 109/500
953/953 [==============================] - 953s 1s/step - loss: 3.6759e-04 - acc: 0.9739 - val_loss: 0.0021 - val_acc: 0.8477

Epoch 00109: saving model to ./models/one_network_scratch-101-l1-24frs0.85.h5
Epoch 110/500
953/953 [==============================] - 953s 1s/step - loss: 3.7592e-04 - acc: 0.9728 - val_loss: 0.0022 - val_acc: 0.8466

Epoch 00110: saving model to ./models/one_network_scratch-101-l1-24frs0.85.h5
Epoch 111/500
953/953 [==============================] - 953s 1000ms/step - loss: 3.3066e-04 - acc: 0.9769 - val_loss: 0.0023 - val_acc: 0.8451

Epoch 00111: saving model to ./models/one_network_scratch-101-l1-24frs0.85.h5
Epoch 112/500
953/953 [==============================] - 953s 1s/step - loss: 3.4313e-04 - acc: 0.9761 - val_loss: 0.0023 - val_acc: 0.8451

Epoch 00112: saving model to ./models/one_network_scratch-101-l1-24frs0.85.h5
Epoch 113/500
953/953 [==============================] - 953s 1000ms/step - loss: 3.2637e-04 - acc: 0.9774 - val_loss: 0.0022 - val_acc: 0.8461

Epoch 00113: saving model to ./models/one_network_scratch-101-l1-24frs0.85.h5
Epoch 114/500
953/953 [==============================] - 953s 1000ms/step - loss: 3.3837e-04 - acc: 0.9761 - val_loss: 0.0021 - val_acc: 0.8482

Epoch 00114: saving model to ./models/one_network_scratch-101-l1-24frs0.85.h5
Epoch 115/500
953/953 [==============================] - 952s 999ms/step - loss: 3.1434e-04 - acc: 0.9772 - val_loss: 0.0021 - val_acc: 0.8550

Epoch 00115: saving model to ./models/one_network_scratch-101-l1-24frs0.86.h5
Epoch 116/500
953/953 [==============================] - 953s 1000ms/step - loss: 3.2861e-04 - acc: 0.9761 - val_loss: 0.0021 - val_acc: 0.8608

Epoch 00116: saving model to ./models/one_network_scratch-101-l1-24frs0.86.h5
Epoch 117/500
953/953 [==============================] - 952s 999ms/step - loss: 2.9661e-04 - acc: 0.9785 - val_loss: 0.0022 - val_acc: 0.8456

Epoch 00117: saving model to ./models/one_network_scratch-101-l1-24frs0.85.h5
Epoch 118/500
953/953 [==============================] - 952s 999ms/step - loss: 2.9678e-04 - acc: 0.9790 - val_loss: 0.0024 - val_acc: 0.8304

Epoch 00118: saving model to ./models/one_network_scratch-101-l1-24frs0.83.h5
Epoch 119/500
953/953 [==============================] - 952s 999ms/step - loss: 3.1795e-04 - acc: 0.9776 - val_loss: 0.0022 - val_acc: 0.8472

Epoch 00119: saving model to ./models/one_network_scratch-101-l1-24frs0.85.h5
Epoch 120/500
953/953 [==============================] - 953s 1s/step - loss: 2.9751e-04 - acc: 0.9784 - val_loss: 0.0024 - val_acc: 0.8330

Epoch 00120: saving model to ./models/one_network_scratch-101-l1-24frs0.83.h5
Epoch 121/500
953/953 [==============================] - 953s 1000ms/step - loss: 3.1353e-04 - acc: 0.9768 - val_loss: 0.0021 - val_acc: 0.8514

Epoch 00121: saving model to ./models/one_network_scratch-101-l1-24frs0.85.h5
===========================================================================8frs================================


Epoch 00281: saving model to ./models/one_network_scratch-101-8frs0.89.h5
Epoch 282/500
476/476 [==============================] - 330s 692ms/step - loss: 1.9645e-04 - acc: 0.9858 - val_loss: 0.0015 - val_acc: 0.8950

Epoch 00282: saving model to ./models/one_network_scratch-101-8frs0.89.h5
Epoch 283/500
476/476 [==============================] - 330s 694ms/step - loss: 2.0107e-04 - acc: 0.9853 - val_loss: 0.0015 - val_acc: 0.8913

Epoch 00283: saving model to ./models/one_network_scratch-101-8frs0.89.h5
Epoch 284/500
476/476 [==============================] - 330s 694ms/step - loss: 2.0061e-04 - acc: 0.9857 - val_loss: 0.0016 - val_acc: 0.8824

Epoch 00284: saving model to ./models/one_network_scratch-101-8frs0.88.h5
Epoch 285/500
476/476 [==============================] - 330s 694ms/step - loss: 1.9965e-04 - acc: 0.9858 - val_loss: 0.0016 - val_acc: 0.8839

Epoch 00285: saving model to ./models/one_network_scratch-101-8frs0.88.h5
Epoch 286/500
476/476 [==============================] - 330s 692ms/step - loss: 1.8538e-04 - acc: 0.9873 - val_loss: 0.0016 - val_acc: 0.8934

Epoch 00286: saving model to ./models/one_network_scratch-101-8frs0.89.h5
Epoch 287/500
476/476 [==============================] - 330s 693ms/step - loss: 1.8914e-04 - acc: 0.9865 - val_loss: 0.0017 - val_acc: 0.8845

Epoch 00287: saving model to ./models/one_network_scratch-101-8frs0.88.h5
Epoch 288/500
476/476 [==============================] - 330s 694ms/step - loss: 1.8671e-04 - acc: 0.9862 - val_loss: 0.0016 - val_acc: 0.8892

Epoch 00288: saving model to ./models/one_network_scratch-101-8frs0.89.h5
Epoch 289/500
476/476 [==============================] - 330s 693ms/step - loss: 1.9073e-04 - acc: 0.9870 - val_loss: 0.0016 - val_acc: 0.8902

Epoch 00289: saving model to ./models/one_network_scratch-101-8frs0.89.h5
Epoch 290/500
476/476 [==============================] - 329s 692ms/step - loss: 1.8953e-04 - acc: 0.9869 - val_loss: 0.0016 - val_acc: 0.8824

Epoch 00290: saving model to ./models/one_network_scratch-101-8frs0.88.h5
Epoch 291/500
476/476 [==============================] - 331s 694ms/step - loss: 1.8707e-04 - acc: 0.9881 - val_loss: 0.0017 - val_acc: 0.8813

Epoch 00291: saving model to ./models/one_network_scratch-101-8frs0.88.h5
Epoch 292/500
476/476 [==============================] - 330s 694ms/step - loss: 1.9053e-04 - acc: 0.9869 - val_loss: 0.0016 - val_acc: 0.8860

Epoch 00292: saving model to ./models/one_network_scratch-101-8frs0.89.h5
Epoch 293/500
476/476 [==============================] - 330s 693ms/step - loss: 1.8151e-04 - acc: 0.9870 - val_loss: 0.0016 - val_acc: 0.8866

Epoch 00293: saving model to ./models/one_network_scratch-101-8frs0.89.h5
Epoch 294/500
476/476 [==============================] - 330s 693ms/step - loss: 1.9301e-04 - acc: 0.9869 - val_loss: 0.0015 - val_acc: 0.8866

Epoch 00294: saving model to ./models/one_network_scratch-101-8frs0.89.h5
Epoch 295/500
476/476 [==============================] - 330s 693ms/step - loss: 1.7963e-04 - acc: 0.9871 - val_loss: 0.0016 - val_acc: 0.8855

Epoch 00295: saving model to ./models/one_network_scratch-101-8frs0.89.h5
Epoch 296/500
476/476 [==============================] - 330s 693ms/step - loss: 1.8767e-04 - acc: 0.9863 - val_loss: 0.0015 - val_acc: 0.8929

Epoch 00296: saving model to ./models/one_network_scratch-101-8frs0.89.h5
Epoch 297/500
476/476 [==============================] - 330s 693ms/step - loss: 1.8870e-04 - acc: 0.9870 - val_loss: 0.0016 - val_acc: 0.8845

Epoch 00297: saving model to ./models/one_network_scratch-101-8frs0.88.h5
Epoch 298/500
476/476 [==============================] - 329s 691ms/step - loss: 1.7322e-04 - acc: 0.9881 - val_loss: 0.0016 - val_acc: 0.8918

Epoch 00298: saving model to ./models/one_network_scratch-101-8frs0.89.h5
Epoch 299/500
476/476 [==============================] - 330s 693ms/step - loss: 1.8008e-04 - acc: 0.9869 - val_loss: 0.0016 - val_acc: 0.8860

Epoch 00299: saving model to ./models/one_network_scratch-101-8frs0.89.h5
Epoch 300/500
476/476 [==============================] - 330s 692ms/step - loss: 1.7234e-04 - acc: 0.9881 - val_loss: 0.0017 - val_acc: 0.8824

Epoch 00300: saving model to ./models/one_network_scratch-101-8frs0.88.h5
Epoch 301/500
476/476 [==============================] - 331s 695ms/step - loss: 1.7193e-04 - acc: 0.9878 - val_loss: 0.0015 - val_acc: 0.8881

Epoch 00301: saving model to ./models/one_network_scratch-101-8frs0.89.h5
Epoch 302/500
476/476 [==============================] - 330s 693ms/step - loss: 1.8088e-04 - acc: 0.9875 - val_loss: 0.0016 - val_acc: 0.8892

Epoch 00302: saving model to ./models/one_network_scratch-101-8frs0.89.h5
Epoch 303/500
476/476 [==============================] - 330s 693ms/step - loss: 1.7520e-04 - acc: 0.9877 - val_loss: 0.0016 - val_acc: 0.8866

Epoch 00303: saving model to ./models/one_network_scratch-101-8frs0.89.h5
Epoch 304/500
476/476 [==============================] - 330s 693ms/step - loss: 1.6136e-04 - acc: 0.9884 - val_loss: 0.0016 - val_acc: 0.8876

Epoch 00304: saving model to ./models/one_network_scratch-101-8frs0.89.h5
Epoch 305/500
476/476 [==============================] - 330s 693ms/step - loss: 1.6722e-04 - acc: 0.9883 - val_loss: 0.0015 - val_acc: 0.8913

Epoch 00305: saving model to ./models/one_network_scratch-101-8frs0.89.h5
Epoch 306/500
476/476 [==============================] - 331s 695ms/step - loss: 1.7294e-04 - acc: 0.9879 - val_loss: 0.0015 - val_acc: 0.8908

Epoch 00306: saving model to ./models/one_network_scratch-101-8frs0.89.h5
Epoch 307/500
476/476 [==============================] - 330s 693ms/step - loss: 1.8008e-04 - acc: 0.9877 - val_loss: 0.0016 - val_acc: 0.8923

Epoch 00307: saving model to ./models/one_network_scratch-101-8frs0.89.h5
Epoch 308/500
476/476 [==============================] - 330s 693ms/step - loss: 1.6261e-04 - acc: 0.9891 - val_loss: 0.0015 - val_acc: 0.8918

Epoch 00308: saving model to ./models/one_network_scratch-101-8frs0.89.h5
Epoch 309/500
476/476 [==============================] - 330s 693ms/step - loss: 1.5769e-04 - acc: 0.9890 - val_loss: 0.0015 - val_acc: 0.8908

Epoch 00309: saving model to ./models/one_network_scratch-101-8frs0.89.h5
Epoch 310/500
476/476 [==============================] - 331s 696ms/step - loss: 1.7311e-04 - acc: 0.9875 - val_loss: 0.0015 - val_acc: 0.8913

Epoch 00310: saving model to ./models/one_network_scratch-101-8frs0.89.h5
Epoch 311/500
476/476 [==============================] - 330s 693ms/step - loss: 1.7627e-04 - acc: 0.9877 - val_loss: 0.0014 - val_acc: 0.9007

Epoch 00311: saving model to ./models/one_network_scratch-101-8frs0.90.h5
Epoch 312/500
476/476 [==============================] - 329s 692ms/step - loss: 1.5945e-04 - acc: 0.9891 - val_loss: 0.0016 - val_acc: 0.8871

Epoch 00312: saving model to ./models/one_network_scratch-101-8frs0.89.h5
Epoch 313/500
476/476 [==============================] - 329s 692ms/step - loss: 1.6545e-04 - acc: 0.9881 - val_loss: 0.0016 - val_acc: 0.8813

Epoch 00313: saving model to ./models/one_network_scratch-101-8frs0.88.h5
Epoch 314/500
476/476 [==============================] - 330s 693ms/step - loss: 1.4699e-04 - acc: 0.9902 - val_loss: 0.0016 - val_acc: 0.8913

Epoch 00314: saving model to ./models/one_network_scratch-101-8frs0.89.h5
Epoch 315/500
476/476 [==============================] - 330s 694ms/step - loss: 1.4292e-04 - acc: 0.9902 - val_loss: 0.0015 - val_acc: 0.8913

Epoch 00315: saving model to ./models/one_network_scratch-101-8frs0.89.h5
Epoch 316/500
476/476 [==============================] - 330s 694ms/step - loss: 1.6227e-04 - acc: 0.9890 - val_loss: 0.0015 - val_acc: 0.8965

Epoch 00316: saving model to ./models/one_network_scratch-101-8frs0.90.h5
Epoch 317/500
476/476 [==============================] - 330s 693ms/step - loss: 1.6424e-04 - acc: 0.9879 - val_loss: 0.0016 - val_acc: 0.8855

Epoch 00317: saving model to ./models/one_network_scratch-101-8frs0.89.h5

=============================================================16frs===================================================


Epoch 00131: saving model to ./models/one_network_scratch-101-16frs0.82.h5
Epoch 132/500
476/476 [==============================] - 628s 1s/step - loss: 9.6281e-04 - acc: 0.9309 - val_loss: 0.0025 - val_acc: 0.8146

Epoch 00132: saving model to ./models/one_network_scratch-101-16frs0.81.h5
Epoch 133/500
476/476 [==============================] - 628s 1s/step - loss: 9.2099e-04 - acc: 0.9337 - val_loss: 0.0022 - val_acc: 0.8330

Epoch 00133: saving model to ./models/one_network_scratch-101-16frs0.83.h5
Epoch 134/500
476/476 [==============================] - 630s 1s/step - loss: 9.1445e-04 - acc: 0.9353 - val_loss: 0.0024 - val_acc: 0.8235

Epoch 00134: saving model to ./models/one_network_scratch-101-16frs0.82.h5
Epoch 135/500
476/476 [==============================] - 628s 1s/step - loss: 8.7271e-04 - acc: 0.9382 - val_loss: 0.0024 - val_acc: 0.8256

Epoch 00135: saving model to ./models/one_network_scratch-101-16frs0.83.h5
Epoch 136/500
476/476 [==============================] - 628s 1s/step - loss: 8.9385e-04 - acc: 0.9350 - val_loss: 0.0025 - val_acc: 0.8204

Epoch 00136: saving model to ./models/one_network_scratch-101-16frs0.82.h5
Epoch 137/500
476/476 [==============================] - 628s 1s/step - loss: 8.6268e-04 - acc: 0.9378 - val_loss: 0.0023 - val_acc: 0.8293

Epoch 00137: saving model to ./models/one_network_scratch-101-16frs0.83.h5
Epoch 138/500
476/476 [==============================] - 628s 1s/step - loss: 8.4598e-04 - acc: 0.9401 - val_loss: 0.0023 - val_acc: 0.8346

Epoch 00138: saving model to ./models/one_network_scratch-101-16frs0.83.h5
Epoch 139/500
476/476 [==============================] - 629s 1s/step - loss: 8.0651e-04 - acc: 0.9418 - val_loss: 0.0024 - val_acc: 0.8267

Epoch 00139: saving model to ./models/one_network_scratch-101-16frs0.83.h5
Epoch 140/500
476/476 [==============================] - 628s 1s/step - loss: 8.0710e-04 - acc: 0.9412 - val_loss: 0.0024 - val_acc: 0.8283

Epoch 00140: saving model to ./models/one_network_scratch-101-16frs0.83.h5
Epoch 141/500
476/476 [==============================] - 627s 1s/step - loss: 8.1309e-04 - acc: 0.9417 - val_loss: 0.0023 - val_acc: 0.8367

Epoch 00141: saving model to ./models/one_network_scratch-101-16frs0.84.h5
Epoch 142/500
476/476 [==============================] - 629s 1s/step - loss: 7.7224e-04 - acc: 0.9441 - val_loss: 0.0024 - val_acc: 0.8199

Epoch 00142: saving model to ./models/one_network_scratch-101-16frs0.82.h5
Epoch 143/500
476/476 [==============================] - 628s 1s/step - loss: 7.9399e-04 - acc: 0.9433 - val_loss: 0.0023 - val_acc: 0.8356

Epoch 00143: saving model to ./models/one_network_scratch-101-16frs0.84.h5
Epoch 144/500
476/476 [==============================] - 629s 1s/step - loss: 7.8591e-04 - acc: 0.9434 - val_loss: 0.0023 - val_acc: 0.8393

Epoch 00144: saving model to ./models/one_network_scratch-101-16frs0.84.h5
Epoch 145/500
476/476 [==============================] - 628s 1s/step - loss: 7.7040e-04 - acc: 0.9439 - val_loss: 0.0023 - val_acc: 0.8325

Epoch 00145: saving model to ./models/one_network_scratch-101-16frs0.83.h5
Epoch 146/500
476/476 [==============================] - 628s 1s/step - loss: 7.3595e-04 - acc: 0.9471 - val_loss: 0.0023 - val_acc: 0.8319

Epoch 00146: saving model to ./models/one_network_scratch-101-16frs0.83.h5
Epoch 147/500
476/476 [==============================] - 629s 1s/step - loss: 7.4840e-04 - acc: 0.9464 - val_loss: 0.0023 - val_acc: 0.8309

Epoch 00147: saving model to ./models/one_network_scratch-101-16frs0.83.h5
Epoch 148/500
476/476 [==============================] - 629s 1s/step - loss: 7.0109e-04 - acc: 0.9494 - val_loss: 0.0023 - val_acc: 0.8325

Epoch 00148: saving model to ./models/one_network_scratch-101-16frs0.83.h5
Epoch 149/500
476/476 [==============================] - 627s 1s/step - loss: 7.1139e-04 - acc: 0.9485 - val_loss: 0.0022 - val_acc: 0.8372

Epoch 00149: saving model to ./models/one_network_scratch-101-16frs0.84.h5
Epoch 150/500
476/476 [==============================] - 629s 1s/step - loss: 7.1682e-04 - acc: 0.9481 - val_loss: 0.0023 - val_acc: 0.8309

Epoch 00150: saving model to ./models/one_network_scratch-101-16frs0.83.h5
Epoch 151/500
476/476 [==============================] - 628s 1s/step - loss: 6.9204e-04 - acc: 0.9508 - val_loss: 0.0023 - val_acc: 0.8377

Epoch 00151: saving model to ./models/one_network_scratch-101-16frs0.84.h5
Epoch 152/500
476/476 [==============================] - 628s 1s/step - loss: 7.0212e-04 - acc: 0.9492 - val_loss: 0.0023 - val_acc: 0.8330

Epoch 00152: saving model to ./models/one_network_scratch-101-16frs0.83.h5
Epoch 153/500
476/476 [==============================] - 628s 1s/step - loss: 6.8111e-04 - acc: 0.9512 - val_loss: 0.0022 - val_acc: 0.8430

Epoch 00153: saving model to ./models/one_network_scratch-101-16frs0.84.h5
Epoch 154/500
476/476 [==============================] - 629s 1s/step - loss: 7.0693e-04 - acc: 0.9483 - val_loss: 0.0023 - val_acc: 0.8356

Epoch 00154: saving model to ./models/one_network_scratch-101-16frs0.84.h5
Epoch 155/500
476/476 [==============================] - 628s 1s/step - loss: 6.3875e-04 - acc: 0.9538 - val_loss: 0.0022 - val_acc: 0.8487

Epoch 00155: saving model to ./models/one_network_scratch-101-16frs0.85.h5
Epoch 156/500
476/476 [==============================] - 629s 1s/step - loss: 6.7852e-04 - acc: 0.9517 - val_loss: 0.0022 - val_acc: 0.8398

Epoch 00156: saving model to ./models/one_network_scratch-101-16frs0.84.h5
Epoch 157/500
476/476 [==============================] - 628s 1s/step - loss: 6.4179e-04 - acc: 0.9531 - val_loss: 0.0021 - val_acc: 0.8482

Epoch 00157: saving model to ./models/one_network_scratch-101-16frs0.85.h5
Epoch 158/500
476/476 [==============================] - 630s 1s/step - loss: 6.4480e-04 - acc: 0.9537 - val_loss: 0.0021 - val_acc: 0.8456

Epoch 00158: saving model to ./models/one_network_scratch-101-16frs0.85.h5
Epoch 159/500
476/476 [==============================] - 629s 1s/step - loss: 6.3759e-04 - acc: 0.9551 - val_loss: 0.0021 - val_acc: 0.8487

Epoch 00159: saving model to ./models/one_network_scratch-101-16frs0.85.h5
Epoch 160/500
476/476 [==============================] - 628s 1s/step - loss: 6.4706e-04 - acc: 0.9530 - val_loss: 0.0022 - val_acc: 0.8424

Epoch 00160: saving model to ./models/one_network_scratch-101-16frs0.84.h5
Epoch 161/500
476/476 [==============================] - 629s 1s/step - loss: 6.5671e-04 - acc: 0.9515 - val_loss: 0.0022 - val_acc: 0.8388

Epoch 00161: saving model to ./models/one_network_scratch-101-16frs0.84.h5
Epoch 162/500
476/476 [==============================] - 629s 1s/step - loss: 5.9700e-04 - acc: 0.9558 - val_loss: 0.0022 - val_acc: 0.8351

Epoch 00162: saving model to ./models/one_network_scratch-101-16frs0.84.h5
Epoch 163/500
476/476 [==============================] - 630s 1s/step - loss: 5.9100e-04 - acc: 0.9572 - val_loss: 0.0021 - val_acc: 0.8466

Epoch 00163: saving model to ./models/one_network_scratch-101-16frs0.85.h5
Epoch 164/500
476/476 [==============================] - 629s 1s/step - loss: 5.9723e-04 - acc: 0.9577 - val_loss: 0.0020 - val_acc: 0.8556

Epoch 00164: saving model to ./models/one_network_scratch-101-16frs0.86.h5
Epoch 165/500
476/476 [==============================] - 630s 1s/step - loss: 6.1748e-04 - acc: 0.9540 - val_loss: 0.0022 - val_acc: 0.8445

Epoch 00165: saving model to ./models/one_network_scratch-101-16frs0.84.h5
Epoch 166/500
476/476 [==============================] - 628s 1s/step - loss: 5.7960e-04 - acc: 0.9564 - val_loss: 0.0022 - val_acc: 0.8382

Epoch 00166: saving model to ./models/one_network_scratch-101-16frs0.84.h5
Epoch 167/500
476/476 [==============================] - 626s 1s/step - loss: 5.8092e-04 - acc: 0.9575 - val_loss: 0.0021 - val_acc: 0.8498

Epoch 00167: saving model to ./models/one_network_scratch-101-16frs0.85.h5

=============================================================crop 64===========================================================


Epoch 00380: saving model to ./models/one_network_scratch-101-16-crop64-frs0.80.h5
Epoch 381/500
476/476 [==============================] - 235s 493ms/step - loss: 3.1929e-04 - acc: 0.9751 - val_loss: 0.0028 - val_acc: 0.8078

Epoch 00381: saving model to ./models/one_network_scratch-101-16-crop64-frs0.81.h5
Epoch 382/500
476/476 [==============================] - 233s 490ms/step - loss: 3.2152e-04 - acc: 0.9749 - val_loss: 0.0029 - val_acc: 0.8046

Epoch 00382: saving model to ./models/one_network_scratch-101-16-crop64-frs0.80.h5
Epoch 383/500
476/476 [==============================] - 237s 498ms/step - loss: 3.3189e-04 - acc: 0.9739 - val_loss: 0.0030 - val_acc: 0.7931

Epoch 00383: saving model to ./models/one_network_scratch-101-16-crop64-frs0.79.h5
Epoch 384/500
476/476 [==============================] - 236s 496ms/step - loss: 3.2953e-04 - acc: 0.9735 - val_loss: 0.0029 - val_acc: 0.8020

Epoch 00384: saving model to ./models/one_network_scratch-101-16-crop64-frs0.80.h5
Epoch 385/500
476/476 [==============================] - 235s 493ms/step - loss: 3.1590e-04 - acc: 0.9752 - val_loss: 0.0029 - val_acc: 0.8030

Epoch 00385: saving model to ./models/one_network_scratch-101-16-crop64-frs0.80.h5
Epoch 386/500
476/476 [==============================] - 237s 498ms/step - loss: 3.1164e-04 - acc: 0.9748 - val_loss: 0.0029 - val_acc: 0.7973

Epoch 00386: saving model to ./models/one_network_scratch-101-16-crop64-frs0.80.h5
Epoch 387/500
476/476 [==============================] - 235s 494ms/step - loss: 3.1961e-04 - acc: 0.9754 - val_loss: 0.0030 - val_acc: 0.7931

Epoch 00387: saving model to ./models/one_network_scratch-101-16-crop64-frs0.79.h5
Epoch 388/500
476/476 [==============================] - 236s 496ms/step - loss: 3.1426e-04 - acc: 0.9754 - val_loss: 0.0028 - val_acc: 0.8072

Epoch 00388: saving model to ./models/one_network_scratch-101-16-crop64-frs0.81.h5
Epoch 389/500
476/476 [==============================] - 236s 495ms/step - loss: 3.0722e-04 - acc: 0.9754 - val_loss: 0.0028 - val_acc: 0.8009

Epoch 00389: saving model to ./models/one_network_scratch-101-16-crop64-frs0.80.h5
Epoch 390/500
476/476 [==============================] - 235s 493ms/step - loss: 3.2500e-04 - acc: 0.9748 - val_loss: 0.0028 - val_acc: 0.8083

Epoch 00390: saving model to ./models/one_network_scratch-101-16-crop64-frs0.81.h5
Epoch 391/500
476/476 [==============================] - 236s 497ms/step - loss: 3.2563e-04 - acc: 0.9751 - val_loss: 0.0028 - val_acc: 0.8104

Epoch 00391: saving model to ./models/one_network_scratch-101-16-crop64-frs0.81.h5
Epoch 392/500
476/476 [==============================] - 235s 493ms/step - loss: 3.1048e-04 - acc: 0.9752 - val_loss: 0.0029 - val_acc: 0.8020

Epoch 00392: saving model to ./models/one_network_scratch-101-16-crop64-frs0.80.h5
Epoch 393/500
476/476 [==============================] - 237s 497ms/step - loss: 3.0611e-04 - acc: 0.9762 - val_loss: 0.0028 - val_acc: 0.7994

Epoch 00393: saving model to ./models/one_network_scratch-101-16-crop64-frs0.80.h5
Epoch 394/500
476/476 [==============================] - 236s 496ms/step - loss: 3.0643e-04 - acc: 0.9761 - val_loss: 0.0027 - val_acc: 0.8099

Epoch 00394: saving model to ./models/one_network_scratch-101-16-crop64-frs0.81.h5
Epoch 395/500
476/476 [==============================] - 235s 494ms/step - loss: 3.0977e-04 - acc: 0.9754 - val_loss: 0.0029 - val_acc: 0.7941

Epoch 00395: saving model to ./models/one_network_scratch-101-16-crop64-frs0.79.h5
Epoch 396/500
476/476 [==============================] - 235s 495ms/step - loss: 3.1643e-04 - acc: 0.9757 - val_loss: 0.0030 - val_acc: 0.7946

Epoch 00396: saving model to ./models/one_network_scratch-101-16-crop64-frs0.79.h5
Epoch 397/500
476/476 [==============================] - 236s 496ms/step - loss: 2.8337e-04 - acc: 0.9774 - val_loss: 0.0027 - val_acc: 0.8072

Epoch 00397: saving model to ./models/one_network_scratch-101-16-crop64-frs0.81.h5
Epoch 398/500
476/476 [==============================] - 237s 497ms/step - loss: 2.8243e-04 - acc: 0.9775 - val_loss: 0.0028 - val_acc: 0.8057

Epoch 00398: saving model to ./models/one_network_scratch-101-16-crop64-frs0.81.h5
Epoch 399/500
476/476 [==============================] - 238s 500ms/step - loss: 3.1540e-04 - acc: 0.9751 - val_loss: 0.0028 - val_acc: 0.8088

Epoch 00399: saving model to ./models/one_network_scratch-101-16-crop64-frs0.81.h5
Epoch 400/500
476/476 [==============================] - 236s 497ms/step - loss: 2.9411e-04 - acc: 0.9769 - val_loss: 0.0028 - val_acc: 0.8051

Epoch 00400: saving model to ./models/one_network_scratch-101-16-crop64-frs0.81.h5
Epoch 401/500
476/476 [==============================] - 237s 497ms/step - loss: 2.8684e-04 - acc: 0.9770 - val_loss: 0.0028 - val_acc: 0.8062

Epoch 00401: saving model to ./models/one_network_scratch-101-16-crop64-frs0.81.h5
Epoch 402/500
476/476 [==============================] - 236s 496ms/step - loss: 2.9181e-04 - acc: 0.9772 - val_loss: 0.0028 - val_acc: 0.8046

Epoch 00402: saving model to ./models/one_network_scratch-101-16-crop64-frs0.80.h5
Epoch 403/500
476/476 [==============================] - 237s 497ms/step - loss: 2.9605e-04 - acc: 0.9769 - val_loss: 0.0028 - val_acc: 0.8041

Epoch 00403: saving model to ./models/one_network_scratch-101-16-crop64-frs0.80.h5
Epoch 404/500
476/476 [==============================] - 236s 496ms/step - loss: 2.9988e-04 - acc: 0.9757 - val_loss: 0.0029 - val_acc: 0.7962

Epoch 00404: saving model to ./models/one_network_scratch-101-16-crop64-frs0.80.h5
Epoch 405/500
476/476 [==============================] - 238s 499ms/step - loss: 3.1029e-04 - acc: 0.9757 - val_loss: 0.0029 - val_acc: 0.7994

Epoch 00405: saving model to ./models/one_network_scratch-101-16-crop64-frs0.80.h5
Epoch 406/500
476/476 [==============================] - 237s 499ms/step - loss: 2.8822e-04 - acc: 0.9772 - val_loss: 0.0029 - val_acc: 0.7999

Epoch 00406: saving model to ./models/one_network_scratch-101-16-crop64-frs0.80.h5
Epoch 407/500
476/476 [==============================] - 240s 503ms/step - loss: 3.0381e-04 - acc: 0.9765 - val_loss: 0.0028 - val_acc: 0.8004

Epoch 00407: saving model to ./models/one_network_scratch-101-16-crop64-frs0.80.h5
Epoch 408/500
476/476 [==============================] - 238s 500ms/step - loss: 3.0466e-04 - acc: 0.9764 - val_loss: 0.0028 - val_acc: 0.8025

Epoch 00408: saving model to ./models/one_network_scratch-101-16-crop64-frs0.80.h5
Epoch 409/500
476/476 [==============================] - 237s 497ms/step - loss: 2.7495e-04 - acc: 0.9781 - val_loss: 0.0028 - val_acc: 0.8009

Epoch 00409: saving model to ./models/one_network_scratch-101-16-crop64-frs0.80.h5
Epoch 410/500
476/476 [==============================] - 238s 500ms/step - loss: 2.9787e-04 - acc: 0.9766 - val_loss: 0.0028 - val_acc: 0.7988

Epoch 00410: saving model to ./models/one_network_scratch-101-16-crop64-frs0.80.h5
Epoch 411/500
476/476 [==============================] - 237s 498ms/step - loss: 2.7915e-04 - acc: 0.9778 - val_loss: 0.0027 - val_acc: 0.8136

Epoch 00411: saving model to ./models/one_network_scratch-101-16-crop64-frs0.81.h5
Epoch 412/500
476/476 [==============================] - 237s 499ms/step - loss: 2.9133e-04 - acc: 0.9773 - val_loss: 0.0028 - val_acc: 0.8041

Epoch 00412: saving model to ./models/one_network_scratch-101-16-crop64-frs0.80.h5
Epoch 413/500
476/476 [==============================] - 237s 498ms/step - loss: 2.8756e-04 - acc: 0.9766 - val_loss: 0.0030 - val_acc: 0.7936

Epoch 00413: saving model to ./models/one_network_scratch-101-16-crop64-frs0.79.h5
Epoch 414/500
476/476 [==============================] - 237s 498ms/step - loss: 2.9594e-04 - acc: 0.9766 - val_loss: 0.0028 - val_acc: 0.8009

Epoch 00414: saving model to ./models/one_network_scratch-101-16-crop64-frs0.80.h5
Epoch 415/500
476/476 [==============================] - 236s 496ms/step - loss: 2.9838e-04 - acc: 0.9766 - val_loss: 0.0030 - val_acc: 0.7936

Epoch 00415: saving model to ./models/one_network_scratch-101-16-crop64-frs0.79.h5
Epoch 416/500
476/476 [==============================] - 235s 494ms/step - loss: 2.9550e-04 - acc: 0.9770 - val_loss: 0.0028 - val_acc: 0.8041
